build/app/intermediates/manifest_merge_blame_file/debug/manifest-merger-blame-debug-report.txt
1<?xml version="1.0" encoding="utf-8"?>
2<manifest xmlns:android="http://schemas.android.com/apk/res/android"
3    package="com.edsy.school_apps"
4    android:versionCode="3"
5    android:versionName="1.0.0" >
6
7    <uses-sdk
8        android:minSdkVersion="19"
9        android:targetSdkVersion="31" />
10    <!--
11         Flutter needs it to communicate with the running application
12         to allow setting breakpoints, to provide hot reload, etc.
13    -->
14    <uses-permission android:name="android.permission.INTERNET" />
14-->src\main\AndroidManifest.xml:4:5-66
14-->src\main\AndroidManifest.xml:4:22-64
15    <uses-permission android:name="android.permission.ACCESS_NETWORK_STATE" />
15-->src\main\AndroidManifest.xml:5:5-78
15-->src\main\AndroidManifest.xml:5:22-76
16    <uses-permission android:name="android.permission.READ_INTERNAL_STORAGE" />
16-->src\main\AndroidManifest.xml:6:5-80
16-->src\main\AndroidManifest.xml:6:22-77
17    <uses-permission android:name="android.permission.WRITE_EXTERNAL_STORAGE" />
17-->src\main\AndroidManifest.xml:7:5-81
17-->src\main\AndroidManifest.xml:7:22-78
18    <uses-permission android:name="android.permission.READ_EXTERNAL_STORAGE" />
18-->src\main\AndroidManifest.xml:8:5-80
18-->src\main\AndroidManifest.xml:8:22-77
19    <uses-permission android:name="android.permission.ACCESS_MEDIA_LOCATION" />
19-->src\main\AndroidManifest.xml:9:5-80
19-->src\main\AndroidManifest.xml:9:22-77
20
21    <queries>
21-->src\main\AndroidManifest.xml:44:5-65:15
22
23        <!-- If your app opens https URLs -->
24        <intent>
24-->src\main\AndroidManifest.xml:46:9-49:18
25            <action android:name="android.intent.action.VIEW" />
25-->src\main\AndroidManifest.xml:47:13-65
25-->src\main\AndroidManifest.xml:47:21-62
26
27            <data android:scheme="https" />
27-->src\main\AndroidManifest.xml:48:13-44
27-->src\main\AndroidManifest.xml:48:19-41
28        </intent>
29        <!-- If your app makes calls -->
30        <intent>
30-->src\main\AndroidManifest.xml:51:9-54:18
31            <action android:name="android.intent.action.DIAL" />
31-->src\main\AndroidManifest.xml:52:13-65
31-->src\main\AndroidManifest.xml:52:21-62
32
33            <data android:scheme="tel" />
33-->src\main\AndroidManifest.xml:48:13-44
33-->src\main\AndroidManifest.xml:48:19-41
34        </intent>
35        <!-- If your sends SMS messages -->
36        <intent>
36-->src\main\AndroidManifest.xml:56:9-59:18
37            <action android:name="android.intent.action.SENDTO" />
37-->src\main\AndroidManifest.xml:57:13-67
37-->src\main\AndroidManifest.xml:57:21-64
38
39            <data android:scheme="smsto" />
39-->src\main\AndroidManifest.xml:48:13-44
39-->src\main\AndroidManifest.xml:48:19-41
40        </intent>
41        <!-- If your app sends emails -->
42        <intent>
42-->src\main\AndroidManifest.xml:61:9-64:18
43            <action android:name="android.intent.action.SEND" />
43-->src\main\AndroidManifest.xml:62:13-65
43-->src\main\AndroidManifest.xml:62:21-62
44
45            <data android:mimeType="*/*" />
45-->src\main\AndroidManifest.xml:48:13-44
46        </intent>
47        <intent>
47-->[:flutter_inappwebview] AndroidManifest.xml:8:9-10:18
48            <action android:name="android.support.customtabs.action.CustomTabsService" />
48-->[:flutter_inappwebview] AndroidManifest.xml:9:13-90
48-->[:flutter_inappwebview] AndroidManifest.xml:9:21-87
49        </intent>
50    </queries> <!-- <uses-permission android:name="android.permission.MANAGE_EXTERNAL_STORAGE" /> -->
51    <!-- <uses-permission android:name="android.permission.ACTION_MANAGE_WRITE_SETTINGS" /> -->
52    <application
52-->src\main\AndroidManifest.xml:12:5-43:19
53        android:name="androidx.multidex.MultiDexApplication"
54        android:appComponentFactory="androidx.core.app.CoreComponentFactory"
54-->[androidx.core:core:1.6.0] AndroidManifest.xml:24:18-86
55        android:debuggable="true"
56        android:icon="@mipmap/launcher_icon"
56-->src\main\AndroidManifest.xml:16:9-45
57        android:label="EDSY"
57-->src\main\AndroidManifest.xml:13:9-29
58        android:requestLegacyExternalStorage="true"
58-->src\main\AndroidManifest.xml:14:9-52
59        android:usesCleartextTraffic="true" >
59-->src\main\AndroidManifest.xml:15:9-44
60        <activity
60-->src\main\AndroidManifest.xml:17:9-37:20
61            android:name="com.example.school_apps.MainActivity"
61-->src\main\AndroidManifest.xml:18:13-41
62            android:configChanges="orientation|keyboardHidden|keyboard|screenSize|smallestScreenSize|locale|layoutDirection|fontScale|screenLayout|density|uiMode"
62-->src\main\AndroidManifest.xml:21:13-163
63            android:hardwareAccelerated="true"
63-->src\main\AndroidManifest.xml:22:13-47
64            android:launchMode="singleTop"
64-->src\main\AndroidManifest.xml:19:13-43
65            android:theme="@style/LaunchTheme"
65-->src\main\AndroidManifest.xml:20:13-47
66            android:usesCleartextTraffic="true"
66-->src\main\AndroidManifest.xml:23:13-48
67            android:windowSoftInputMode="adjustResize" >
67-->src\main\AndroidManifest.xml:24:13-55
68
69            <!--
70                 Specifies an Android theme to apply to this Activity as soon as
71                 the Android process has started. This theme is visible to the user
72                 while the Flutter UI initializes. After that, this theme continues
73                 to determine the Window background behind the Flutter UI.
74            -->
75            <meta-data
75-->src\main\AndroidManifest.xml:29:13-32:17
76                android:name="io.flutter.embedding.android.NormalTheme"
76-->src\main\AndroidManifest.xml:30:15-70
77                android:resource="@style/NormalTheme" />
77-->src\main\AndroidManifest.xml:31:15-52
78
79            <intent-filter>
79-->src\main\AndroidManifest.xml:33:13-36:29
80                <action android:name="android.intent.action.MAIN" />
80-->src\main\AndroidManifest.xml:34:17-68
80-->src\main\AndroidManifest.xml:34:25-66
81
82                <category android:name="android.intent.category.LAUNCHER" />
82-->src\main\AndroidManifest.xml:35:17-76
82-->src\main\AndroidManifest.xml:35:27-74
83            </intent-filter>
84        </activity>
85        <!--
86             Don't delete the meta-data below.
87             This is used by the Flutter tool to generate GeneratedPluginRegistrant.java
88        -->
89        <meta-data
89-->src\main\AndroidManifest.xml:40:9-42:33
90            android:name="flutterEmbedding"
90-->src\main\AndroidManifest.xml:41:13-44
91            android:value="2" />
91-->src\main\AndroidManifest.xml:42:13-30
92
93        <activity
93-->[:flutter_inappwebview] AndroidManifest.xml:14:9-17:47
94            android:name="com.pichillilorenzo.flutter_inappwebview.in_app_browser.InAppBrowserActivity"
94-->[:flutter_inappwebview] AndroidManifest.xml:15:13-104
95            android:configChanges="orientation|keyboardHidden|keyboard|screenSize|locale|layoutDirection|fontScale|screenLayout|density"
95-->[:flutter_inappwebview] AndroidManifest.xml:16:13-137
96            android:theme="@style/AppTheme" />
96-->[:flutter_inappwebview] AndroidManifest.xml:17:13-44
97        <activity
97-->[:flutter_inappwebview] AndroidManifest.xml:18:9-20:55
98            android:name="com.pichillilorenzo.flutter_inappwebview.chrome_custom_tabs.ChromeCustomTabsActivity"
98-->[:flutter_inappwebview] AndroidManifest.xml:19:13-112
99            android:theme="@style/ThemeTransparent" />
99-->[:flutter_inappwebview] AndroidManifest.xml:20:13-52
100
101        <receiver android:name="com.pichillilorenzo.flutter_inappwebview.chrome_custom_tabs.ActionBroadcastReceiver" />
101-->[:flutter_inappwebview] AndroidManifest.xml:22:9-120
101-->[:flutter_inappwebview] AndroidManifest.xml:22:19-117
102
103        <meta-data
103-->[:flutter_inappwebview] AndroidManifest.xml:24:9-26:36
104            android:name="io.flutter.embedded_views_preview"
104-->[:flutter_inappwebview] AndroidManifest.xml:25:13-61
105            android:value="true" />
105-->[:flutter_inappwebview] AndroidManifest.xml:26:13-33
106
107        <activity
107-->[:url_launcher] AndroidManifest.xml:8:9-11:74
108            android:name="io.flutter.plugins.urllauncher.WebViewActivity"
108-->[:url_launcher] AndroidManifest.xml:9:13-74
109            android:exported="false"
109-->[:url_launcher] AndroidManifest.xml:10:13-37
110            android:theme="@android:style/Theme.NoTitleBar.Fullscreen" />
110-->[:url_launcher] AndroidManifest.xml:11:13-71
111
112        <uses-library
112-->[androidx.window:window:1.0.0-beta04] AndroidManifest.xml:25:9-27:40
113            android:name="androidx.window.extensions"
113-->[androidx.window:window:1.0.0-beta04] AndroidManifest.xml:26:13-54
114            android:required="false" />
114-->[androidx.window:window:1.0.0-beta04] AndroidManifest.xml:27:13-37
115        <uses-library
115-->[androidx.window:window:1.0.0-beta04] AndroidManifest.xml:28:9-30:40
116            android:name="androidx.window.sidecar"
116-->[androidx.window:window:1.0.0-beta04] AndroidManifest.xml:29:13-51
117            android:required="false" />
117-->[androidx.window:window:1.0.0-beta04] AndroidManifest.xml:30:13-37
118    </application>
119
120</manifest>